# JRE version: OpenJDK Runtime Environment (11.0.4+11) (build 11.0.4+11)
# Java VM: OpenJDK 64-Bit Server VM (11.0.4+11, mixed mode, tiered, compressed oops, g1 gc, linux-amd64)
Heap:
 garbage-first heap   total 410624K, used 277504K [0x00000000e0000000, 0x0000000100000000)
  region size 1024K, 2 young (2048K), 2 survivors (2048K)
 Metaspace       used 71630K, capacity 72847K, committed 73924K, reserved 319488K
  class space    used 8780K, capacity 9218K, committed 9472K, reserved 253952K
GC Heap History (10 events):
Event: 1211.273 GC heap after
{Heap after GC invocations=37 (full 0):
 garbage-first heap   total 286720K, used 243083K [0x00000000e0000000, 0x0000000100000000)
  region size 1024K, 2 young (2048K), 2 survivors (2048K)
 Metaspace       used 71630K, capacity 72847K, committed 73924K, reserved 319488K
  class space    used 8780K, capacity 9218K, committed 9472K, reserved 253952K
}
Event: 1211.411 GC heap before
{Heap before GC invocations=37 (full 0):
 garbage-first heap   total 286720K, used 255371K [0x00000000e0000000, 0x0000000100000000)
  region size 1024K, 14 young (14336K), 2 survivors (2048K)
 Metaspace       used 71630K, capacity 72847K, committed 73924K, reserved 319488K
  class space    used 8780K, capacity 9218K, committed 9472K, reserved 253952K
}
Event: 1211.475 GC heap after
{Heap after GC invocations=38 (full 0):
 garbage-first heap   total 334848K, used 247808K [0x00000000e0000000, 0x0000000100000000)
  region size 1024K, 2 young (2048K), 2 survivors (2048K)
 Metaspace       used 71630K, capacity 72847K, committed 73924K, reserved 319488K
  class space    used 8780K, capacity 9218K, committed 9472K, reserved 253952K
}
Event: 1211.947 GC heap before
{Heap before GC invocations=38 (full 0):
 garbage-first heap   total 334848K, used 273408K [0x00000000e0000000, 0x0000000100000000)
  region size 1024K, 27 young (27648K), 2 survivors (2048K)
 Metaspace       used 71630K, capacity 72847K, committed 73924K, reserved 319488K
  class space    used 8780K, capacity 9218K, committed 9472K, reserved 253952K
}
Event: 1212.051 GC heap after
{Heap after GC invocations=39 (full 0):
 garbage-first heap   total 334848K, used 257449K [0x00000000e0000000, 0x0000000100000000)
  region size 1024K, 4 young (4096K), 4 survivors (4096K)
 Metaspace       used 71630K, capacity 72847K, committed 73924K, reserved 319488K
  class space    used 8780K, capacity 9218K, committed 9472K, reserved 253952K
}
Event: 1212.211 GC heap before
{Heap before GC invocations=39 (full 0):
 garbage-first heap   total 334848K, used 278953K [0x00000000e0000000, 0x0000000100000000)
  region size 1024K, 25 young (25600K), 4 survivors (4096K)
 Metaspace       used 71630K, capacity 72847K, committed 73924K, reserved 319488K
  class space    used 8780K, capacity 9218K, committed 9472K, reserved 253952K
}
Event: 1212.354 GC heap after
{Heap after GC invocations=40 (full 0):
 garbage-first heap   total 334848K, used 268288K [0x00000000e0000000, 0x0000000100000000)
  region size 1024K, 4 young (4096K), 4 survivors (4096K)
 Metaspace       used 71630K, capacity 72847K, committed 73924K, reserved 319488K
  class space    used 8780K, capacity 9218K, committed 9472K, reserved 253952K
}
Event: 1212.560 GC heap before
{Heap before GC invocations=41 (full 0):
 garbage-first heap   total 334848K, used 283648K [0x00000000e0000000, 0x0000000100000000)
  region size 1024K, 19 young (19456K), 4 survivors (4096K)
 Metaspace       used 71630K, capacity 72847K, committed 73924K, reserved 319488K
  class space    used 8780K, capacity 9218K, committed 9472K, reserved 253952K
}
Event: 1212.637 GC heap after
{Heap after GC invocations=42 (full 0):
 garbage-first heap   total 334848K, used 273408K [0x00000000e0000000, 0x0000000100000000)
  region size 1024K, 3 young (3072K), 3 survivors (3072K)
 Metaspace       used 71630K, capacity 72847K, committed 73924K, reserved 319488K
  class space    used 8780K, capacity 9218K, committed 9472K, reserved 253952K
}
Event: 1213.147 GC heap before
{Heap before GC invocations=42 (full 0):
 garbage-first heap   total 334848K, used 286720K [0x00000000e0000000, 0x0000000100000000)
  region size 1024K, 16 young (16384K), 3 survivors (3072K)
 Metaspace       used 71630K, capacity 72847K, committed 73924K, reserved 319488K
  class space    used 8780K, capacity 9218K, committed 9472K, reserved 253952K
}

